<?xml version="1.0" encoding="UTF-8"?>
<!-- Generated by org.testng.reporters.JUnitReportReporter -->
<testsuite hostname="DESKTOP-94R8EK0" failures="0" tests="1" name="holoPackage.HoloClass" time="99.848" errors="0" timestamp="2022-12-09T13:55:15 EET" skipped="0">
  <testcase classname="holoPackage.HoloClass" name="Holo" time="99.848"/>
  <system-out/>
</testsuite> <!-- holoPackage.HoloClass -->
